<?xml version="1.0" encoding="UTF-8"?>
<!-- Generated by org.testng.reporters.JUnitReportReporter -->
<testsuite hostname="RFL348.local" failures="0" tests="2" name="Testcases.TC01PickDateTests" time="17.287" errors="0" timestamp="30 Nov 2022 07:02:31 GMT" skipped="0">
  <testcase classname="Testcases.TC01PickDateTests" name="changeDate" time="6.585"/>
  <testcase classname="Testcases.TC01PickDateTests" name="changeTime" time="10.702"/>
</testsuite> <!-- Testcases.TC01PickDateTests -->
